<?xml version="1.0" encoding="UTF-8"?>
<testsuite xmlns:xsi="http://www.w3.org/2001/XMLSchema-instance" xsi:noNamespaceSchemaLocation="https://maven.apache.org/surefire/maven-surefire-plugin/xsd/surefire-test-report-3.0.xsd" version="3.0" name="com.example.FlinkKafkaAppTest" time="0.015" tests="1" errors="0" skipped="0" failures="0">
  <properties>
    <property name="java.specification.version" value="23"/>
    <property name="sun.jnu.encoding" value="UTF-8"/>
    <property name="java.class.path" value="/Users/aurora/Projects/flinkPractice/my-flink-app/target/test-classes:/Users/aurora/Projects/flinkPractice/my-flink-app/target/classes:/Users/aurora/.m2/repository/org/apache/flink/flink-streaming-java/1.17.1/flink-streaming-java-1.17.1.jar:/Users/aurora/.m2/repository/org/apache/flink/flink-core/1.17.1/flink-core-1.17.1.jar:/Users/aurora/.m2/repository/org/apache/flink/flink-annotations/1.17.1/flink-annotations-1.17.1.jar:/Users/aurora/.m2/repository/org/apache/flink/flink-metrics-core/1.17.1/flink-metrics-core-1.17.1.jar:/Users/aurora/.m2/repository/org/apache/flink/flink-shaded-asm-9/9.3-16.1/flink-shaded-asm-9-9.3-16.1.jar:/Users/aurora/.m2/repository/org/apache/flink/flink-shaded-jackson/2.13.4-16.1/flink-shaded-jackson-2.13.4-16.1.jar:/Users/aurora/.m2/repository/org/apache/commons/commons-lang3/3.12.0/commons-lang3-3.12.0.jar:/Users/aurora/.m2/repository/org/apache/commons/commons-text/1.10.0/commons-text-1.10.0.jar:/Users/aurora/.m2/repository/com/esotericsoftware/kryo/kryo/2.24.0/kryo-2.24.0.jar:/Users/aurora/.m2/repository/com/esotericsoftware/minlog/minlog/1.2/minlog-1.2.jar:/Users/aurora/.m2/repository/org/objenesis/objenesis/2.1/objenesis-2.1.jar:/Users/aurora/.m2/repository/commons-collections/commons-collections/3.2.2/commons-collections-3.2.2.jar:/Users/aurora/.m2/repository/org/apache/commons/commons-compress/1.21/commons-compress-1.21.jar:/Users/aurora/.m2/repository/org/apache/flink/flink-file-sink-common/1.17.1/flink-file-sink-common-1.17.1.jar:/Users/aurora/.m2/repository/org/apache/flink/flink-runtime/1.17.1/flink-runtime-1.17.1.jar:/Users/aurora/.m2/repository/org/apache/flink/flink-rpc-core/1.17.1/flink-rpc-core-1.17.1.jar:/Users/aurora/.m2/repository/org/apache/flink/flink-rpc-akka-loader/1.17.1/flink-rpc-akka-loader-1.17.1.jar:/Users/aurora/.m2/repository/org/apache/flink/flink-queryable-state-client-java/1.17.1/flink-queryable-state-client-java-1.17.1.jar:/Users/aurora/.m2/repository/org/apache/flink/flink-hadoop-fs/1.17.1/flink-hadoop-fs-1.17.1.jar:/Users/aurora/.m2/repository/commons-io/commons-io/2.11.0/commons-io-2.11.0.jar:/Users/aurora/.m2/repository/org/apache/flink/flink-shaded-netty/4.1.82.Final-16.1/flink-shaded-netty-4.1.82.Final-16.1.jar:/Users/aurora/.m2/repository/org/apache/flink/flink-shaded-zookeeper-3/3.7.1-16.1/flink-shaded-zookeeper-3-3.7.1-16.1.jar:/Users/aurora/.m2/repository/org/javassist/javassist/3.24.0-GA/javassist-3.24.0-GA.jar:/Users/aurora/.m2/repository/org/apache/flink/flink-shaded-force-shading/16.1/flink-shaded-force-shading-16.1.jar:/Users/aurora/.m2/repository/org/apache/flink/flink-java/1.17.1/flink-java-1.17.1.jar:/Users/aurora/.m2/repository/com/twitter/chill-java/0.7.6/chill-java-0.7.6.jar:/Users/aurora/.m2/repository/org/apache/flink/flink-shaded-guava/30.1.1-jre-16.1/flink-shaded-guava-30.1.1-jre-16.1.jar:/Users/aurora/.m2/repository/org/apache/commons/commons-math3/3.6.1/commons-math3-3.6.1.jar:/Users/aurora/.m2/repository/org/slf4j/slf4j-api/1.7.36/slf4j-api-1.7.36.jar:/Users/aurora/.m2/repository/com/google/code/findbugs/jsr305/1.3.9/jsr305-1.3.9.jar:/Users/aurora/.m2/repository/org/apache/flink/flink-clients/1.17.1/flink-clients-1.17.1.jar:/Users/aurora/.m2/repository/org/apache/flink/flink-optimizer/1.17.1/flink-optimizer-1.17.1.jar:/Users/aurora/.m2/repository/commons-cli/commons-cli/1.5.0/commons-cli-1.5.0.jar:/Users/aurora/.m2/repository/org/apache/flink/flink-connector-kafka/3.2.0-1.18/flink-connector-kafka-3.2.0-1.18.jar:/Users/aurora/.m2/repository/com/google/guava/guava/32.1.2-jre/guava-32.1.2-jre.jar:/Users/aurora/.m2/repository/com/google/guava/failureaccess/1.0.1/failureaccess-1.0.1.jar:/Users/aurora/.m2/repository/com/google/guava/listenablefuture/9999.0-empty-to-avoid-conflict-with-guava/listenablefuture-9999.0-empty-to-avoid-conflict-with-guava.jar:/Users/aurora/.m2/repository/org/checkerframework/checker-qual/3.33.0/checker-qual-3.33.0.jar:/Users/aurora/.m2/repository/com/google/errorprone/error_prone_annotations/2.18.0/error_prone_annotations-2.18.0.jar:/Users/aurora/.m2/repository/com/google/j2objc/j2objc-annotations/2.8/j2objc-annotations-2.8.jar:/Users/aurora/.m2/repository/com/fasterxml/jackson/core/jackson-core/2.15.2/jackson-core-2.15.2.jar:/Users/aurora/.m2/repository/com/fasterxml/jackson/datatype/jackson-datatype-jsr310/2.15.2/jackson-datatype-jsr310-2.15.2.jar:/Users/aurora/.m2/repository/com/fasterxml/jackson/datatype/jackson-datatype-jdk8/2.15.2/jackson-datatype-jdk8-2.15.2.jar:/Users/aurora/.m2/repository/org/apache/kafka/kafka-clients/3.5.0/kafka-clients-3.5.0.jar:/Users/aurora/.m2/repository/com/github/luben/zstd-jni/1.5.5-1/zstd-jni-1.5.5-1.jar:/Users/aurora/.m2/repository/org/lz4/lz4-java/1.8.0/lz4-java-1.8.0.jar:/Users/aurora/.m2/repository/org/xerial/snappy/snappy-java/1.1.10.0/snappy-java-1.1.10.0.jar:/Users/aurora/.m2/repository/com/fasterxml/jackson/core/jackson-databind/2.14.0/jackson-databind-2.14.0.jar:/Users/aurora/.m2/repository/com/fasterxml/jackson/core/jackson-annotations/2.14.0/jackson-annotations-2.14.0.jar:/Users/aurora/.m2/repository/org/slf4j/slf4j-log4j12/1.7.30/slf4j-log4j12-1.7.30.jar:/Users/aurora/.m2/repository/log4j/log4j/1.2.17/log4j-1.2.17.jar:/Users/aurora/.m2/repository/junit/junit/3.8.1/junit-3.8.1.jar:"/>
    <property name="java.vm.vendor" value="Homebrew"/>
    <property name="sun.arch.data.model" value="64"/>
    <property name="java.vendor.url" value="https://github.com/Homebrew/homebrew-core/issues"/>
    <property name="os.name" value="Mac OS X"/>
    <property name="java.vm.specification.version" value="23"/>
    <property name="sun.java.launcher" value="SUN_STANDARD"/>
    <property name="user.country" value="CA"/>
    <property name="sun.boot.library.path" value="/opt/homebrew/Cellar/openjdk/23.0.2/libexec/openjdk.jdk/Contents/Home/lib"/>
    <property name="sun.java.command" value="/Users/aurora/Projects/flinkPractice/my-flink-app/target/surefire/surefirebooter-20250411132451144_3.jar /Users/aurora/Projects/flinkPractice/my-flink-app/target/surefire 2025-04-11T13-24-51_115-jvmRun1 surefire-20250411132451144_1tmp surefire_0-20250411132451144_2tmp"/>
    <property name="http.nonProxyHosts" value="local|*.local|169.254/16|*.169.254/16"/>
    <property name="jdk.debug" value="release"/>
    <property name="surefire.test.class.path" value="/Users/aurora/Projects/flinkPractice/my-flink-app/target/test-classes:/Users/aurora/Projects/flinkPractice/my-flink-app/target/classes:/Users/aurora/.m2/repository/org/apache/flink/flink-streaming-java/1.17.1/flink-streaming-java-1.17.1.jar:/Users/aurora/.m2/repository/org/apache/flink/flink-core/1.17.1/flink-core-1.17.1.jar:/Users/aurora/.m2/repository/org/apache/flink/flink-annotations/1.17.1/flink-annotations-1.17.1.jar:/Users/aurora/.m2/repository/org/apache/flink/flink-metrics-core/1.17.1/flink-metrics-core-1.17.1.jar:/Users/aurora/.m2/repository/org/apache/flink/flink-shaded-asm-9/9.3-16.1/flink-shaded-asm-9-9.3-16.1.jar:/Users/aurora/.m2/repository/org/apache/flink/flink-shaded-jackson/2.13.4-16.1/flink-shaded-jackson-2.13.4-16.1.jar:/Users/aurora/.m2/repository/org/apache/commons/commons-lang3/3.12.0/commons-lang3-3.12.0.jar:/Users/aurora/.m2/repository/org/apache/commons/commons-text/1.10.0/commons-text-1.10.0.jar:/Users/aurora/.m2/repository/com/esotericsoftware/kryo/kryo/2.24.0/kryo-2.24.0.jar:/Users/aurora/.m2/repository/com/esotericsoftware/minlog/minlog/1.2/minlog-1.2.jar:/Users/aurora/.m2/repository/org/objenesis/objenesis/2.1/objenesis-2.1.jar:/Users/aurora/.m2/repository/commons-collections/commons-collections/3.2.2/commons-collections-3.2.2.jar:/Users/aurora/.m2/repository/org/apache/commons/commons-compress/1.21/commons-compress-1.21.jar:/Users/aurora/.m2/repository/org/apache/flink/flink-file-sink-common/1.17.1/flink-file-sink-common-1.17.1.jar:/Users/aurora/.m2/repository/org/apache/flink/flink-runtime/1.17.1/flink-runtime-1.17.1.jar:/Users/aurora/.m2/repository/org/apache/flink/flink-rpc-core/1.17.1/flink-rpc-core-1.17.1.jar:/Users/aurora/.m2/repository/org/apache/flink/flink-rpc-akka-loader/1.17.1/flink-rpc-akka-loader-1.17.1.jar:/Users/aurora/.m2/repository/org/apache/flink/flink-queryable-state-client-java/1.17.1/flink-queryable-state-client-java-1.17.1.jar:/Users/aurora/.m2/repository/org/apache/flink/flink-hadoop-fs/1.17.1/flink-hadoop-fs-1.17.1.jar:/Users/aurora/.m2/repository/commons-io/commons-io/2.11.0/commons-io-2.11.0.jar:/Users/aurora/.m2/repository/org/apache/flink/flink-shaded-netty/4.1.82.Final-16.1/flink-shaded-netty-4.1.82.Final-16.1.jar:/Users/aurora/.m2/repository/org/apache/flink/flink-shaded-zookeeper-3/3.7.1-16.1/flink-shaded-zookeeper-3-3.7.1-16.1.jar:/Users/aurora/.m2/repository/org/javassist/javassist/3.24.0-GA/javassist-3.24.0-GA.jar:/Users/aurora/.m2/repository/org/apache/flink/flink-shaded-force-shading/16.1/flink-shaded-force-shading-16.1.jar:/Users/aurora/.m2/repository/org/apache/flink/flink-java/1.17.1/flink-java-1.17.1.jar:/Users/aurora/.m2/repository/com/twitter/chill-java/0.7.6/chill-java-0.7.6.jar:/Users/aurora/.m2/repository/org/apache/flink/flink-shaded-guava/30.1.1-jre-16.1/flink-shaded-guava-30.1.1-jre-16.1.jar:/Users/aurora/.m2/repository/org/apache/commons/commons-math3/3.6.1/commons-math3-3.6.1.jar:/Users/aurora/.m2/repository/org/slf4j/slf4j-api/1.7.36/slf4j-api-1.7.36.jar:/Users/aurora/.m2/repository/com/google/code/findbugs/jsr305/1.3.9/jsr305-1.3.9.jar:/Users/aurora/.m2/repository/org/apache/flink/flink-clients/1.17.1/flink-clients-1.17.1.jar:/Users/aurora/.m2/repository/org/apache/flink/flink-optimizer/1.17.1/flink-optimizer-1.17.1.jar:/Users/aurora/.m2/repository/commons-cli/commons-cli/1.5.0/commons-cli-1.5.0.jar:/Users/aurora/.m2/repository/org/apache/flink/flink-connector-kafka/3.2.0-1.18/flink-connector-kafka-3.2.0-1.18.jar:/Users/aurora/.m2/repository/com/google/guava/guava/32.1.2-jre/guava-32.1.2-jre.jar:/Users/aurora/.m2/repository/com/google/guava/failureaccess/1.0.1/failureaccess-1.0.1.jar:/Users/aurora/.m2/repository/com/google/guava/listenablefuture/9999.0-empty-to-avoid-conflict-with-guava/listenablefuture-9999.0-empty-to-avoid-conflict-with-guava.jar:/Users/aurora/.m2/repository/org/checkerframework/checker-qual/3.33.0/checker-qual-3.33.0.jar:/Users/aurora/.m2/repository/com/google/errorprone/error_prone_annotations/2.18.0/error_prone_annotations-2.18.0.jar:/Users/aurora/.m2/repository/com/google/j2objc/j2objc-annotations/2.8/j2objc-annotations-2.8.jar:/Users/aurora/.m2/repository/com/fasterxml/jackson/core/jackson-core/2.15.2/jackson-core-2.15.2.jar:/Users/aurora/.m2/repository/com/fasterxml/jackson/datatype/jackson-datatype-jsr310/2.15.2/jackson-datatype-jsr310-2.15.2.jar:/Users/aurora/.m2/repository/com/fasterxml/jackson/datatype/jackson-datatype-jdk8/2.15.2/jackson-datatype-jdk8-2.15.2.jar:/Users/aurora/.m2/repository/org/apache/kafka/kafka-clients/3.5.0/kafka-clients-3.5.0.jar:/Users/aurora/.m2/repository/com/github/luben/zstd-jni/1.5.5-1/zstd-jni-1.5.5-1.jar:/Users/aurora/.m2/repository/org/lz4/lz4-java/1.8.0/lz4-java-1.8.0.jar:/Users/aurora/.m2/repository/org/xerial/snappy/snappy-java/1.1.10.0/snappy-java-1.1.10.0.jar:/Users/aurora/.m2/repository/com/fasterxml/jackson/core/jackson-databind/2.14.0/jackson-databind-2.14.0.jar:/Users/aurora/.m2/repository/com/fasterxml/jackson/core/jackson-annotations/2.14.0/jackson-annotations-2.14.0.jar:/Users/aurora/.m2/repository/org/slf4j/slf4j-log4j12/1.7.30/slf4j-log4j12-1.7.30.jar:/Users/aurora/.m2/repository/log4j/log4j/1.2.17/log4j-1.2.17.jar:/Users/aurora/.m2/repository/junit/junit/3.8.1/junit-3.8.1.jar:"/>
    <property name="sun.cpu.endian" value="little"/>
    <property name="user.home" value="/Users/aurora"/>
    <property name="user.language" value="en"/>
    <property name="java.specification.vendor" value="Oracle Corporation"/>
    <property name="java.version.date" value="2025-01-21"/>
    <property name="java.home" value="/opt/homebrew/Cellar/openjdk/23.0.2/libexec/openjdk.jdk/Contents/Home"/>
    <property name="file.separator" value="/"/>
    <property name="basedir" value="/Users/aurora/Projects/flinkPractice/my-flink-app"/>
    <property name="java.vm.compressedOopsMode" value="Zero based"/>
    <property name="line.separator" value="&#10;"/>
    <property name="java.vm.specification.vendor" value="Oracle Corporation"/>
    <property name="java.specification.name" value="Java Platform API Specification"/>
    <property name="apple.awt.application.name" value="ForkedBooter"/>
    <property name="surefire.real.class.path" value="/Users/aurora/Projects/flinkPractice/my-flink-app/target/surefire/surefirebooter-20250411132451144_3.jar"/>
    <property name="sun.management.compiler" value="HotSpot 64-Bit Tiered Compilers"/>
    <property name="ftp.nonProxyHosts" value="local|*.local|169.254/16|*.169.254/16"/>
    <property name="java.runtime.version" value="23.0.2"/>
    <property name="user.name" value="aurora"/>
    <property name="stdout.encoding" value="UTF-8"/>
    <property name="path.separator" value=":"/>
    <property name="os.version" value="15.0.1"/>
    <property name="java.runtime.name" value="OpenJDK Runtime Environment"/>
    <property name="file.encoding" value="UTF-8"/>
    <property name="java.vm.name" value="OpenJDK 64-Bit Server VM"/>
    <property name="java.vendor.version" value="Homebrew"/>
    <property name="localRepository" value="/Users/aurora/.m2/repository"/>
    <property name="java.vendor.url.bug" value="https://github.com/Homebrew/homebrew-core/issues"/>
    <property name="java.io.tmpdir" value="/var/folders/fy/r6sy31950gd_qxhnpp3dlxqh0000gp/T/"/>
    <property name="java.version" value="23.0.2"/>
    <property name="user.dir" value="/Users/aurora/Projects/flinkPractice/my-flink-app"/>
    <property name="os.arch" value="aarch64"/>
    <property name="java.vm.specification.name" value="Java Virtual Machine Specification"/>
    <property name="native.encoding" value="UTF-8"/>
    <property name="java.library.path" value="/Users/aurora/Library/Java/Extensions:/Library/Java/Extensions:/Network/Library/Java/Extensions:/System/Library/Java/Extensions:/usr/lib/java:."/>
    <property name="java.vm.info" value="mixed mode, sharing"/>
    <property name="stderr.encoding" value="UTF-8"/>
    <property name="java.vendor" value="Homebrew"/>
    <property name="java.vm.version" value="23.0.2"/>
    <property name="sun.io.unicode.encoding" value="UnicodeBig"/>
    <property name="socksNonProxyHosts" value="local|*.local|169.254/16|*.169.254/16"/>
    <property name="java.class.version" value="67.0"/>
  </properties>
  <testcase name="testApp" classname="com.example.FlinkKafkaAppTest" time="0.001"/>
</testsuite>